<?xml version="1.0" encoding="UTF-8"?>
<!-- Generated by org.testng.reporters.JUnitReportReporter -->
<testsuite skipped="0" hostname="DESKTOP-IJRRKJG" name="com.raaga.kolte.java.TC_Login" tests="1" failures="0" timestamp="2021-11-27T18:53:47 IST" time="17.558" errors="0">
  <testcase name="loginTest" time="17.558" classname="com.raaga.kolte.java.TC_Login"/>
  <system-out/>
</testsuite> <!-- com.raaga.kolte.java.TC_Login -->
