<?xml version="1.0" encoding="UTF-8"?>
<!-- Generated by org.testng.reporters.JUnitReportReporter -->
<testsuite skipped="0" hostname="DESKTOP-IJRRKJG" name="com.raaga.kolte.java.MyAppTest" tests="2" failures="0" timestamp="2021-11-27T18:53:47 IST" time="0.040" errors="0">
  <testcase name="loginTest2" time="0.001" classname="com.raaga.kolte.java.MyAppTest"/>
  <system-out/>
  <testcase name="loginTest1" time="0.039" classname="com.raaga.kolte.java.MyAppTest"/>
  <system-out/>
</testsuite> <!-- com.raaga.kolte.java.MyAppTest -->
